<?xml version="1.0" encoding="UTF-8"?>
<testng-results ignored="0" total="1" passed="1" failed="0" skipped="0">
  <reporter-output>
    <line>
      <![CDATA[No se seleciono ningun navegador]]>
    </line>
    <line>
      <![CDATA[Abrir Navegador Chrome]]>
    </line>
  </reporter-output>
  <suite started-at="2022-06-06T23:00:14 ART" name="Default suite" finished-at="2022-06-06T23:00:18 ART" duration-ms="4567">
    <groups>
    </groups>
    <test started-at="2022-06-06T23:00:14 ART" name="Default test" finished-at="2022-06-06T23:00:18 ART" duration-ms="4567">
      <class name="Despegar.WikiTest">
        <test-method signature="ValidarBusquedaWikipedia()[pri:0, instance:Despegar.WikiTest@2805d709]" started-at="2022-06-06T23:00:14 ART" name="ValidarBusquedaWikipedia" description="Validar que las busquedas en Wikipedia funcionan" finished-at="2022-06-06T23:00:18 ART" duration-ms="4547" status="PASS">
          <reporter-output>
            <line>
              <![CDATA[No se seleciono ningun navegador]]>
            </line>
            <line>
              <![CDATA[Abrir Navegador Chrome]]>
            </line>
          </reporter-output>
        </test-method> <!-- ValidarBusquedaWikipedia -->
      </class> <!-- Despegar.WikiTest -->
    </test> <!-- Default test -->
  </suite> <!-- Default suite -->
</testng-results>
